TN:
SF:src/Crowdfunding.sol
DA:20,17
FN:20,Crowdfunding.constructor
FNDA:17,Crowdfunding.constructor
DA:21,17
BRDA:21,0,0,1
BRDA:21,0,1,16
DA:22,16
BRDA:22,1,0,1
BRDA:22,1,1,15
DA:23,15
BRDA:23,2,0,1
BRDA:23,2,1,14
DA:24,14
BRDA:24,3,0,1
BRDA:24,3,1,13
DA:26,13
DA:27,13
DA:28,13
DA:29,13
DA:32,8
FN:32,Crowdfunding.contribute
FNDA:8,Crowdfunding.contribute
DA:33,8
BRDA:33,4,0,1
BRDA:33,4,1,7
DA:35,7
DA:37,7
DA:38,7
DA:44,2
FN:44,Crowdfunding.cancelContribution
FNDA:2,Crowdfunding.cancelContribution
DA:45,2
BRDA:45,5,0,1
BRDA:45,5,1,1
DA:47,1
DA:48,1
DA:50,1
DA:51,1
DA:57,4
FN:57,Crowdfunding.withdraw
FNDA:4,Crowdfunding.withdraw
DA:58,4
BRDA:58,6,0,1
BRDA:58,6,1,3
DA:59,3
BRDA:59,7,0,1
BRDA:59,7,1,2
DA:60,2
BRDA:60,8,0,1
BRDA:60,8,1,1
DA:62,1
DA:63,1
FNF:4
FNH:4
LF:26
LH:26
BRF:18
BRH:18
end_of_record
TN:
SF:test/Crowdfunding.t.sol
DA:12,13
FN:12,RareToken.mint
FNDA:13,RareToken.mint
DA:13,13
FNF:1
FNH:1
LF:2
LH:2
BRF:0
BRH:0
end_of_record
