TN:
SF:src/TokenWrapper.sol
DA:35,6
FN:35,TokenWrapper.constructor
FNDA:6,TokenWrapper.constructor
DA:36,6
DA:37,5
DA:38,1
DA:39,1
DA:42,6
DA:43,5
DA:44,1
DA:45,1
DA:48,6
DA:49,5
DA:50,1
DA:51,1
DA:55,6
FN:55,TokenWrapper.decimals
FNDA:6,TokenWrapper.decimals
DA:56,6
DA:59,6
FN:59,TokenWrapper.name
FNDA:6,TokenWrapper.name
DA:60,6
DA:63,6
FN:63,TokenWrapper.symbol
FNDA:6,TokenWrapper.symbol
DA:64,6
DA:72,0
FN:72,TokenWrapper.wrap
FNDA:0,TokenWrapper.wrap
DA:73,0
DA:74,0
DA:82,0
FN:82,TokenWrapper.unwrap
FNDA:0,TokenWrapper.unwrap
DA:83,0
DA:84,0
FNF:6
FNH:4
LF:25
LH:19
BRF:0
BRH:0
end_of_record
TN:
SF:test/TokenWrapper.t.sol
DA:10,1
FN:10,RareSkillsToken.constructor
FNDA:1,RareSkillsToken.constructor
DA:11,1
DA:16,1
FN:16,RareSkillsToken2.constructor
FNDA:1,RareSkillsToken2.constructor
DA:17,1
DA:22,1
FN:22,RareSkillsToken3.constructor
FNDA:1,RareSkillsToken3.constructor
DA:23,1
DA:26,1
FN:26,RareSkillsToken3.decimals
FNDA:1,RareSkillsToken3.decimals
DA:27,1
DA:32,1
FN:32,RareSkillsToken4.constructor
FNDA:1,RareSkillsToken4.constructor
DA:33,1
DA:36,1
FN:36,RareSkillsToken4.name
FNDA:1,RareSkillsToken4.name
DA:37,1
DA:40,1
FN:40,RareSkillsToken4.symbol
FNDA:1,RareSkillsToken4.symbol
DA:41,1
BRDA:41,0,0,1
BRDA:41,0,1,-
DA:44,1
FN:44,RareSkillsToken4.decimals
FNDA:1,RareSkillsToken4.decimals
DA:45,1
DA:50,1
FN:50,RareSkillsToken5.constructor
FNDA:1,RareSkillsToken5.constructor
DA:51,1
DA:54,1
FN:54,RareSkillsToken5.name
FNDA:1,RareSkillsToken5.name
DA:55,1
DA:58,1
FN:58,RareSkillsToken5.symbol
FNDA:1,RareSkillsToken5.symbol
DA:59,1
DA:64,1
FN:64,RareSkillsToken6.constructor
FNDA:1,RareSkillsToken6.constructor
DA:65,1
DA:68,1
FN:68,RareSkillsToken6.decimals
FNDA:1,RareSkillsToken6.decimals
DA:69,1
FNF:13
FNH:13
LF:26
LH:26
BRF:2
BRH:1
end_of_record
