TN:
SF:src/OraclePool.sol
DA:27,8
FN:27,OraclePool.constructor
FNDA:8,OraclePool.constructor
DA:33,8
DA:34,8
DA:35,8
DA:36,8
DA:48,5
FN:48,OraclePool.buyWETH
FNDA:5,OraclePool.buyWETH
DA:50,5
DA:51,5
DA:52,5
DA:54,5
BRDA:54,0,0,2
DA:55,2
DA:58,3
DA:59,3
DA:71,3
FN:71,OraclePool.sellWETH
FNDA:3,OraclePool.sellWETH
DA:73,3
DA:74,3
DA:75,3
DA:77,3
BRDA:77,1,0,1
DA:78,1
DA:82,8
FN:82,OraclePool.setExchangeRate
FNDA:8,OraclePool.setExchangeRate
DA:83,8
FNF:4
FNH:4
LF:21
LH:21
BRF:2
BRH:2
end_of_record
TN:
SF:test/OraclePool.t.sol
DA:13,13
FN:13,USD.mint
FNDA:13,USD.mint
DA:14,13
DA:17,0
FN:17,USD.decimals
FNDA:0,USD.decimals
DA:18,0
DA:27,11
FN:27,WETH.mint
FNDA:11,WETH.mint
DA:28,11
FNF:3
FNH:2
LF:6
LH:4
BRF:0
BRH:0
end_of_record
