TN:
SF:src/WeeklySalary.sol
DA:24,12
FN:24,WeeklySalary.constructor
FNDA:12,WeeklySalary.constructor
DA:25,12
DA:46,1812
FN:46,WeeklySalary.createContractor
FNDA:1812,WeeklySalary.createContractor
DA:47,1553
BRDA:47,0,0,259
BRDA:47,0,1,1294
DA:48,1294
BRDA:48,1,0,1
BRDA:48,1,1,1293
DA:49,1293
BRDA:49,2,0,1
BRDA:49,2,1,1292
DA:51,1292
DA:57,775
FN:57,WeeklySalary.deleteContractor
FNDA:775,WeeklySalary.deleteContractor
DA:58,516
BRDA:58,3,0,258
BRDA:58,3,1,258
DA:60,258
DA:66,1290
FN:66,WeeklySalary.withdraw
FNDA:1290,WeeklySalary.withdraw
DA:67,1290
DA:68,1290
DA:70,1290
DA:72,1290
DA:74,1290
DA:75,1290
FNF:4
FNH:4
LF:17
LH:17
BRF:8
BRH:8
end_of_record
TN:
SF:test/WeeklySalary.t.sol
DA:14,775
FN:14,RareSkillsToken.mint
FNDA:775,RareSkillsToken.mint
DA:15,775
FNF:1
FNH:1
LF:2
LH:2
BRF:0
BRH:0
end_of_record
