TN:
SF:src/BasicBankERC20.sol
DA:26,6
FN:26,BasicBankERC20.deposit
FNDA:6,BasicBankERC20.deposit
DA:27,6
DA:28,6
DA:29,6
DA:30,6
BRDA:30,0,0,1
BRDA:30,0,1,5
DA:32,5
DA:33,5
DA:42,3
FN:42,BasicBankERC20.withdraw
FNDA:3,BasicBankERC20.withdraw
DA:43,3
BRDA:43,1,0,1
BRDA:43,1,1,2
DA:44,2
DA:45,2
DA:46,2
FNF:2
FNH:2
LF:12
LH:12
BRF:4
BRH:4
end_of_record
TN:
SF:test/BasicBankERC20.t.sol
DA:12,5
FN:12,RareSkillsToken.mint
FNDA:5,RareSkillsToken.mint
DA:13,5
DA:20,1
FN:20,FeeOnTransferToken.mint
FNDA:1,FeeOnTransferToken.mint
DA:21,1
DA:24,1
FN:24,FeeOnTransferToken.transferFrom
FNDA:1,FeeOnTransferToken.transferFrom
DA:25,1
DA:26,1
DA:27,1
DA:28,1
DA:31,0
FN:31,FeeOnTransferToken.transfer
FNDA:0,FeeOnTransferToken.transfer
DA:32,0
DA:33,0
DA:34,0
DA:35,0
FNF:4
FNH:3
LF:14
LH:9
BRF:0
BRH:0
end_of_record
